<?xml version="1.0" encoding="UTF-8"?>
<robot generator="Robot 4.0.2 (Python 3.7.5 on darwin)" generated="20210527 09:41:59.011" rpa="true" schemaversion="2">
<suite id="s1" name="Tasks" source="/Users/joshua/Development/robocorp-l2/level 2 robot/tasks.robot">
<test id="s1-t1" name="Minimal task">
<kw name="Log" library="BuiltIn">
<arg>Done.</arg>
<doc>Logs the given message with the given level.</doc>
<msg timestamp="20210527 09:41:59.033" level="INFO">Done.</msg>
<status status="PASS" starttime="20210527 09:41:59.033" endtime="20210527 09:41:59.033"/>
</kw>
<status status="PASS" starttime="20210527 09:41:59.032" endtime="20210527 09:41:59.033"/>
</test>
<doc>Template robot main suite.</doc>
<status status="PASS" starttime="20210527 09:41:59.012" endtime="20210527 09:41:59.033"/>
</suite>
<statistics>
<total>
<stat pass="1" fail="0" skip="0">All Tasks</stat>
</total>
<tag>
</tag>
<suite>
<stat pass="1" fail="0" skip="0" id="s1" name="Tasks">Tasks</stat>
</suite>
</statistics>
<errors>
</errors>
</robot>
